<?xml version="1.0" encoding="UTF-8"?>
<!-- Generated by org.testng.reporters.JUnitReportReporter -->
<testsuite hostname="DESKTOP-JTNBIV4" failures="0" tests="1" name="rest.rest.Pets" time="0.012" errors="0" timestamp="2022-08-30T05:09:57 EET" skipped="0">
  <testcase classname="rest.rest.Pets" name="Test" time="0.012"/>
  <system-out/>
</testsuite> <!-- rest.rest.Pets -->
